<?xml version="1.0" encoding="UTF-8"?>
<!-- Generated by org.testng.reporters.JUnitReportReporter -->
<testsuite skipped="1" hostname="ROWLSITD516494S" name="aero.sita.digitaltwins.tests.PostTests" tests="2" failures="0" timestamp="10 Mar 2022 18:31:32 GMT" time="7.933" errors="0">
  <testcase name="postFlightDetails" time="7.933" classname="aero.sita.digitaltwins.tests.PostTests"/>
  <testcase name="postFlightDetailsFromExternalFile" classname="aero.sita.digitaltwins.tests.PostTests">
    <skipped/>
  </testcase> <!-- postFlightDetailsFromExternalFile -->
</testsuite> <!-- aero.sita.digitaltwins.tests.PostTests -->
